2ip.io
r10s.com
r10s.jp
rakuten-static.com
rakuten.ca
rakuten.co.jp
rakuten.com
rakuten.com.tw
rakuten.ne.jp
rakuten.tw
rclon.com
rebates.jp
rakuten.com
vbcdn.com
vbcdn.net
viber.co
viber.com
viber.me
yt3.ggpht.com
googleusercontent.com
googleapis.com
googlevideo.com
youtube.com
antifilter.network
antifilter.download
ntc.party
sport.ua
reactor.cc
joyreactor.cc
torlock.info
megapeer.ru
megapeer.vip
jacred.xyz
rutor.is
rutor.info
kinozal.tv
kinozal.me
kinozal.guru
rutracker.org
rutracker.net
rutracker.nl
rezka.ag
hdrezka.ag
hdrezka.tv
hdrezka.me
hdrezka.org
flibusta.is
flibusta.site
flibusta.club
nvidia.com
metro-cc.ru
themoviedb.org
tmdb.org
tmdb-image-prod.b-cdn.net
opera.com
auth.opera.com
sync.opera.com
pornolab.net
dlsite.com
dlsite.jp
hitomi.la
nhentai.net
kimochi.info
otomi-games.com
f95zone.to
nyaa.si
sukebei.nyaa.si
gelbooru.com
hanime1.me
chobit.cc
