yt3.ggpht.com  
yt3.googleusercontent.com  
blogger.googleusercontent.com  
googlevideo.com  
reactor.cc  
joyreactor.cc  
polit.reactor.cc  
torlock.info  
megapeer.ru  
megapeer.vip  
thepiratebay.org  
jacred.xyz  
rutor.is  
rutor.info  
kinozal.tv  
kinozal.me  
kinozal.guru  
rutracker.org  
rutracker.net  
rutracker.nl  
flibusta.is  
flibusta.site  
flibusta.club  
storage.googleapis.com  
nvidia.com  
metro-cc.ru  
online.metro-cc.ru  
app.metro-cc.ru  
themoviedb.org  
tmdb.org  
image.tmdb.org  
api.themoviedb.org  
tmdb-image-prod.b-cdn.net  
pornolab.net  
dlsite.com  
img.dlsite.jp  
ci-en.dlsite.com  
nhentai.net  
kimochi.info  
hitomi.la  
otomi-games.com  
f95zone.to  
nyaa.si  
sukebei.nyaa.si  
gelbooru.com  
hanime1.me  
chobit.cc  
